<?xml version="1.0" encoding="UTF-8"?>
<!-- Generated by org.testng.reporters.JUnitXMLReporter -->
<testsuite ignored="0" hostname="SEVEN-BITS" failures="1" tests="1" name="SearchTrain" time="34.652" errors="0" timestamp="2023-01-31T09:20:29 IST">
  <testcase classname="testcases.SearchTrainTest" name="search" time="21.73">
    <failure type="org.openqa.selenium.ElementClickInterceptedException" message="element click intercepted: Element &amp;lt;span class=&amp;quot;ui-datepicker-next-icon pi pi-chevron-right ng-tns-c58-10&amp;quot;&amp;gt;&amp;lt;/span&amp;gt; is not clickable at point (644, 397). Other element would receive the click: &amp;lt;img src=&amp;quot;https://dishav3.ap-south-1.linodeobjects.com/IRCTC-banner-4.gif&amp;quot; style=&amp;quot;width: 100%; height: 100%; border-radius: 8px&amp;quot; alt=&amp;quot;&amp;quot; decoding=&amp;quot;async&amp;quot;&amp;gt;
  (Session info: chrome=109.0.5414.120)
Build info: version: &amp;apos;4.7.2&amp;apos;, revision: &amp;apos;4d4020c3b7&amp;apos;
System info: os.name: &amp;apos;Windows 11&amp;apos;, os.arch: &amp;apos;amd64&amp;apos;, os.version: &amp;apos;10.0&amp;apos;, java.version: &amp;apos;11.0.17&amp;apos;
Driver info: org.openqa.selenium.chrome.ChromeDriver
Command: [eaa4e093c106f064210709d4b7603385, clickElement {id=eeffb914-470e-4cf2-a5b5-2fc825a23ca7}]
Capabilities {acceptInsecureCerts: false, browserName: chrome, browserVersion: 109.0.5414.120, chrome: {chromedriverVersion: 109.0.5414.74 (e7c5703604da..., userDataDir: C:\Program Files (x86)\scop...}, goog:chromeOptions: {debuggerAddress: localhost:57109}, networkConnectionEnabled: false, pageLoadStrategy: normal, platformName: WINDOWS, proxy: Proxy(), se:cdp: ws://localhost:57109/devtoo..., se:cdpVersion: 109.0.5414.120, setWindowRect: true, strictFileInteractability: false, timeouts: {implicit: 0, pageLoad: 300000, script: 30000}, unhandledPromptBehavior: dismiss and notify, webauthn:extension:credBlob: true, webauthn:extension:largeBlob: true, webauthn:virtualAuthenticators: true}
Element: [[ChromeDriver: chrome on WINDOWS (eaa4e093c106f064210709d4b7603385)] -&amp;gt; xpath: //body/app-root[1]/app-home[1]/div[3]/div[1]/app-main-page[1]/div[1]/div[1]/div[1]/div[1]/div[1]/app-jp-input[1]/div[1]/form[1]/div[2]/div[2]/div[1]/p-calendar[1]/span[1]/div[1]/div[1]/div[1]/a[2]/span[1]]
Session ID: eaa4e093c106f064210709d4b7603385">
      <![CDATA[org.openqa.selenium.ElementClickInterceptedException: element click intercepted: Element <span class="ui-datepicker-next-icon pi pi-chevron-right ng-tns-c58-10"></span> is not clickable at point (644, 397). Other element would receive the click: <img src="https://dishav3.ap-south-1.linodeobjects.com/IRCTC-banner-4.gif" style="width: 100%; height: 100%; border-radius: 8px" alt="" decoding="async">
  (Session info: chrome=109.0.5414.120)
Build info: version: '4.7.2', revision: '4d4020c3b7'
System info: os.name: 'Windows 11', os.arch: 'amd64', os.version: '10.0', java.version: '11.0.17'
Driver info: org.openqa.selenium.chrome.ChromeDriver
Command: [eaa4e093c106f064210709d4b7603385, clickElement {id=eeffb914-470e-4cf2-a5b5-2fc825a23ca7}]
Capabilities {acceptInsecureCerts: false, browserName: chrome, browserVersion: 109.0.5414.120, chrome: {chromedriverVersion: 109.0.5414.74 (e7c5703604da..., userDataDir: C:\Program Files (x86)\scop...}, goog:chromeOptions: {debuggerAddress: localhost:57109}, networkConnectionEnabled: false, pageLoadStrategy: normal, platformName: WINDOWS, proxy: Proxy(), se:cdp: ws://localhost:57109/devtoo..., se:cdpVersion: 109.0.5414.120, setWindowRect: true, strictFileInteractability: false, timeouts: {implicit: 0, pageLoad: 300000, script: 30000}, unhandledPromptBehavior: dismiss and notify, webauthn:extension:credBlob: true, webauthn:extension:largeBlob: true, webauthn:virtualAuthenticators: true}
Element: [[ChromeDriver: chrome on WINDOWS (eaa4e093c106f064210709d4b7603385)] -> xpath: //body/app-root[1]/app-home[1]/div[3]/div[1]/app-main-page[1]/div[1]/div[1]/div[1]/div[1]/div[1]/app-jp-input[1]/div[1]/form[1]/div[2]/div[2]/div[1]/p-calendar[1]/span[1]/div[1]/div[1]/div[1]/a[2]/span[1]]
Session ID: eaa4e093c106f064210709d4b7603385
at org.openqa.selenium.remote.codec.w3c.W3CHttpResponseCodec.createException(W3CHttpResponseCodec.java:200)
at org.openqa.selenium.remote.codec.w3c.W3CHttpResponseCodec.decode(W3CHttpResponseCodec.java:133)
at org.openqa.selenium.remote.codec.w3c.W3CHttpResponseCodec.decode(W3CHttpResponseCodec.java:53)
at org.openqa.selenium.remote.HttpCommandExecutor.execute(HttpCommandExecutor.java:184)
at org.openqa.selenium.remote.service.DriverCommandExecutor.invokeExecute(DriverCommandExecutor.java:167)
at org.openqa.selenium.remote.service.DriverCommandExecutor.execute(DriverCommandExecutor.java:142)
at org.openqa.selenium.remote.RemoteWebDriver.execute(RemoteWebDriver.java:535)
at org.openqa.selenium.remote.RemoteWebElement.execute(RemoteWebElement.java:257)
at org.openqa.selenium.remote.RemoteWebElement.click(RemoteWebElement.java:78)
at pages.SearchTrain.selDate(SearchTrain.java:61)
at testcases.SearchTrainTest.search(SearchTrainTest.java:25)
at java.base/java.util.ArrayList.forEach(ArrayList.java:1541)
... Removed 35 stack frames]]>
    </failure>
  </testcase> <!-- search -->
</testsuite> <!-- SearchTrain -->
