<?xml version="1.0" encoding="UTF-8" standalone="no"?>
<testsuite errors="0" failures="1" name="io.cucumber.core.plugin.JUnitFormatter" skipped="0" tests="1" time="1.973">
    <testcase classname="Cucumber BDD Assignment" name="Search Product" time="1.785">
        <failure message="session not created: This version of ChromeDriver only supports Chrome version 99&#10;Current browser version is 103.0.5060.134 with binary path C:\Program Files\Google\Chrome\Application\chrome.exe&#10;Build info: version: '3.141.59', revision: 'e82be7d358', time: '2018-11-14T08:17:03'&#10;System info: host: 'SEVEN-BITS', ip: '192.168.0.104', os.name: 'Windows 10', os.arch: 'amd64', os.version: '10.0', java.version: '17.0.1'&#10;Driver info: driver.version: ChromeDriver&#10;remote stacktrace: Backtrace:&#10;&#9;Ordinal0 [0x00D99943+2595139]&#10;&#9;Ordinal0 [0x00D2C9F1+2148849]&#10;&#9;Ordinal0 [0x00C24528+1066280]&#10;&#9;Ordinal0 [0x00C442C3+1196739]&#10;&#9;Ordinal0 [0x00C3FE37+1179191]&#10;&#9;Ordinal0 [0x00C3D6F1+1169137]&#10;&#9;Ordinal0 [0x00C70530+1377584]&#10;&#9;Ordinal0 [0x00C7018A+1376650]&#10;&#9;Ordinal0 [0x00C6B806+1357830]&#10;&#9;Ordinal0 [0x00C46086+1204358]&#10;&#9;Ordinal0 [0x00C46F96+1208214]&#10;&#9;GetHandleVerifier [0x00F3B232+1658114]&#10;&#9;GetHandleVerifier [0x00FF312C+2411516]&#10;&#9;GetHandleVerifier [0x00E2F261+560433]&#10;&#9;GetHandleVerifier [0x00E2E366+556598]&#10;&#9;Ordinal0 [0x00D3286B+2173035]&#10;&#9;Ordinal0 [0x00D375F8+2192888]&#10;&#9;Ordinal0 [0x00D376E5+2193125]&#10;&#9;Ordinal0 [0x00D411FC+2232828]&#10;&#9;BaseThreadInitThunk [0x763E6739+25]&#10;&#9;RtlGetFullPathName_UEx [0x76F68FEF+1215]&#10;&#9;RtlGetFullPathName_UEx [0x76F68FBD+1165]&#10;" type="org.openqa.selenium.SessionNotCreatedException"><![CDATA[Given User Launch url.......................................................skipped
When User Enters Items "Faded"..............................................skipped
Then Get suggestion to user with entered Items i.e "Faded"..................skipped

StackTrace:
org.openqa.selenium.SessionNotCreatedException: session not created: This version of ChromeDriver only supports Chrome version 99
Current browser version is 103.0.5060.134 with binary path C:\Program Files\Google\Chrome\Application\chrome.exe
Build info: version: '3.141.59', revision: 'e82be7d358', time: '2018-11-14T08:17:03'
System info: host: 'SEVEN-BITS', ip: '192.168.0.104', os.name: 'Windows 10', os.arch: 'amd64', os.version: '10.0', java.version: '17.0.1'
Driver info: driver.version: ChromeDriver
remote stacktrace: Backtrace:
	Ordinal0 [0x00D99943+2595139]
	Ordinal0 [0x00D2C9F1+2148849]
	Ordinal0 [0x00C24528+1066280]
	Ordinal0 [0x00C442C3+1196739]
	Ordinal0 [0x00C3FE37+1179191]
	Ordinal0 [0x00C3D6F1+1169137]
	Ordinal0 [0x00C70530+1377584]
	Ordinal0 [0x00C7018A+1376650]
	Ordinal0 [0x00C6B806+1357830]
	Ordinal0 [0x00C46086+1204358]
	Ordinal0 [0x00C46F96+1208214]
	GetHandleVerifier [0x00F3B232+1658114]
	GetHandleVerifier [0x00FF312C+2411516]
	GetHandleVerifier [0x00E2F261+560433]
	GetHandleVerifier [0x00E2E366+556598]
	Ordinal0 [0x00D3286B+2173035]
	Ordinal0 [0x00D375F8+2192888]
	Ordinal0 [0x00D376E5+2193125]
	Ordinal0 [0x00D411FC+2232828]
	BaseThreadInitThunk [0x763E6739+25]
	RtlGetFullPathName_UEx [0x76F68FEF+1215]
	RtlGetFullPathName_UEx [0x76F68FBD+1165]

	at java.base/jdk.internal.reflect.NativeConstructorAccessorImpl.newInstance0(Native Method)
	at java.base/jdk.internal.reflect.NativeConstructorAccessorImpl.newInstance(NativeConstructorAccessorImpl.java:77)
	at java.base/jdk.internal.reflect.DelegatingConstructorAccessorImpl.newInstance(DelegatingConstructorAccessorImpl.java:45)
	at java.base/java.lang.reflect.Constructor.newInstanceWithCaller(Constructor.java:499)
	at java.base/java.lang.reflect.Constructor.newInstance(Constructor.java:480)
	at org.openqa.selenium.remote.W3CHandshakeResponse.lambda$errorHandler$0(W3CHandshakeResponse.java:62)
	at org.openqa.selenium.remote.HandshakeResponse.lambda$getResponseFunction$0(HandshakeResponse.java:30)
	at org.openqa.selenium.remote.ProtocolHandshake.lambda$createSession$0(ProtocolHandshake.java:126)
	at java.base/java.util.stream.ReferencePipeline$3$1.accept(ReferencePipeline.java:197)
	at java.base/java.util.Spliterators$ArraySpliterator.tryAdvance(Spliterators.java:1002)
	at java.base/java.util.stream.ReferencePipeline.forEachWithCancel(ReferencePipeline.java:129)
	at java.base/java.util.stream.AbstractPipeline.copyIntoWithCancel(AbstractPipeline.java:527)
	at java.base/java.util.stream.AbstractPipeline.copyInto(AbstractPipeline.java:513)
	at java.base/java.util.stream.AbstractPipeline.wrapAndCopyInto(AbstractPipeline.java:499)
	at java.base/java.util.stream.FindOps$FindOp.evaluateSequential(FindOps.java:150)
	at java.base/java.util.stream.AbstractPipeline.evaluate(AbstractPipeline.java:234)
	at java.base/java.util.stream.ReferencePipeline.findFirst(ReferencePipeline.java:647)
	at org.openqa.selenium.remote.ProtocolHandshake.createSession(ProtocolHandshake.java:128)
	at org.openqa.selenium.remote.ProtocolHandshake.createSession(ProtocolHandshake.java:74)
	at org.openqa.selenium.remote.HttpCommandExecutor.execute(HttpCommandExecutor.java:136)
	at org.openqa.selenium.remote.service.DriverCommandExecutor.execute(DriverCommandExecutor.java:83)
	at org.openqa.selenium.remote.RemoteWebDriver.execute(RemoteWebDriver.java:552)
	at org.openqa.selenium.remote.RemoteWebDriver.startSession(RemoteWebDriver.java:213)
	at org.openqa.selenium.remote.RemoteWebDriver.<init>(RemoteWebDriver.java:131)
	at org.openqa.selenium.chrome.ChromeDriver.<init>(ChromeDriver.java:181)
	at org.openqa.selenium.chrome.ChromeDriver.<init>(ChromeDriver.java:168)
	at org.openqa.selenium.chrome.ChromeDriver.<init>(ChromeDriver.java:123)
	at WebDriverFactory.DriverFactory.init_Driver(DriverFactory.java:31)
	at Hooks.AppHooks.launchBrowser(AppHooks.java:40)
]]></failure>
    </testcase>
</testsuite>
